[debug] [2022-05-16T23:35:12.945Z] ----------------------------------------------------------------------
[debug] [2022-05-16T23:35:12.948Z] Command:       C:\Program Files\nodejs\node.exe C:\Users\elcap\AppData\Roaming\npm\node_modules\firebase-tools\lib\bin\firebase.js init
[debug] [2022-05-16T23:35:12.949Z] CLI Version:   10.9.2
[debug] [2022-05-16T23:35:12.949Z] Platform:      win32
[debug] [2022-05-16T23:35:12.949Z] Node Version:  v16.14.0
[debug] [2022-05-16T23:35:12.950Z] Time:          Mon May 16 2022 20:35:12 GMT-0300 (hora estándar de Argentina)
[debug] [2022-05-16T23:35:12.951Z] ----------------------------------------------------------------------
[debug] 
[debug] [2022-05-16T23:35:12.961Z] > command requires scopes: ["email","openid","https://www.googleapis.com/auth/cloudplatformprojects.readonly","https://www.googleapis.com/auth/firebase","https://www.googleapis.com/auth/cloud-platform"]
[debug] [2022-05-16T23:35:12.962Z] > authorizing via signed-in user (aleig.906@gmail.com)
[info] 
     ######## #### ########  ######## ########     ###     ######  ########
     ##        ##  ##     ## ##       ##     ##  ##   ##  ##       ##
     ######    ##  ########  ######   ########  #########  ######  ######
     ##        ##  ##    ##  ##       ##     ## ##     ##       ## ##
     ##       #### ##     ## ######## ########  ##     ##  ######  ########

You're about to initialize a Firebase project in this directory:

  C:\Users\elcap\OneDrive\Escritorio\LA RIAL CARPETA\portfolioweb1

[info] 
=== Project Setup
[info] 
[info] First, let's associate this project directory with a Firebase project.
[info] You can create multiple project aliases by running firebase use --add, 
[info] but for now we'll just set up a default project.
[info] 
[debug] [2022-05-16T23:36:19.867Z] >>> [apiv2][query] GET https://firebase.googleapis.com/v1beta1/projects pageSize=100
[debug] [2022-05-16T23:36:21.196Z] <<< [apiv2][status] GET https://firebase.googleapis.com/v1beta1/projects 200
[debug] [2022-05-16T23:36:21.196Z] <<< [apiv2][body] GET https://firebase.googleapis.com/v1beta1/projects [omitted]
[info] i  Using project portfolioweb-9e852 (portfolioweb) 
[info] 
=== Hosting Setup
[info] 
[info] Your public directory is the folder (relative to your project directory) that
[info] will contain Hosting assets to be uploaded with firebase deploy. If you
[info] have a build process for your assets, use your build's output directory.
[info] 
[debug] [2022-05-16T23:39:27.740Z] ----------------------------------------------------------------------
[debug] [2022-05-16T23:39:27.743Z] Command:       C:\Program Files\nodejs\node.exe C:\Users\elcap\AppData\Roaming\npm\node_modules\firebase-tools\lib\bin\firebase.js init
[debug] [2022-05-16T23:39:27.743Z] CLI Version:   10.9.2
[debug] [2022-05-16T23:39:27.744Z] Platform:      win32
[debug] [2022-05-16T23:39:27.744Z] Node Version:  v16.14.0
[debug] [2022-05-16T23:39:27.745Z] Time:          Mon May 16 2022 20:39:27 GMT-0300 (hora estándar de Argentina)
[debug] [2022-05-16T23:39:27.745Z] ----------------------------------------------------------------------
[debug] 
[debug] [2022-05-16T23:39:27.754Z] > command requires scopes: ["email","openid","https://www.googleapis.com/auth/cloudplatformprojects.readonly","https://www.googleapis.com/auth/firebase","https://www.googleapis.com/auth/cloud-platform"]
[debug] [2022-05-16T23:39:27.755Z] > authorizing via signed-in user (aleig.906@gmail.com)
[info] 
     ######## #### ########  ######## ########     ###     ######  ########
     ##        ##  ##     ## ##       ##     ##  ##   ##  ##       ##
     ######    ##  ########  ######   ########  #########  ######  ######
     ##        ##  ##    ##  ##       ##     ## ##     ##       ## ##
     ##       #### ##     ## ######## ########  ##     ##  ######  ########

You're about to initialize a Firebase project in this directory:

  C:\Users\elcap\OneDrive\Escritorio\LA RIAL CARPETA\portfolioweb1

[info] 
=== Project Setup
[info] 
[info] First, let's associate this project directory with a Firebase project.
[info] You can create multiple project aliases by running firebase use --add, 
[info] but for now we'll just set up a default project.
[info] 
[debug] [2022-05-16T23:39:37.240Z] >>> [apiv2][query] GET https://firebase.googleapis.com/v1beta1/projects pageSize=100
[debug] [2022-05-16T23:39:38.438Z] <<< [apiv2][status] GET https://firebase.googleapis.com/v1beta1/projects 200
[debug] [2022-05-16T23:39:38.438Z] <<< [apiv2][body] GET https://firebase.googleapis.com/v1beta1/projects [omitted]
[info] i  Using project portfolioweb-9e852 (portfolioweb) 
[info] 
=== Hosting Setup
[info] 
[info] Your public directory is the folder (relative to your project directory) that
[info] will contain Hosting assets to be uploaded with firebase deploy. If you
[info] have a build process for your assets, use your build's output directory.
[info] 
